Determining if the pthread_create exist failed with the following output:
Change Dir: /homeshare/afmejia/HPC/Cuda/CMakeFiles/CMakeTmp

Run Build Command:"/usr/bin/make" "cmTC_1c839/fast"
/usr/bin/make -f CMakeFiles/cmTC_1c839.dir/build.make CMakeFiles/cmTC_1c839.dir/build
make[1]: Entering directory '/homeshare/afmejia/HPC/Cuda/CMakeFiles/CMakeTmp'
Building C object CMakeFiles/cmTC_1c839.dir/CheckSymbolExists.c.o
/usr/bin/cc    -fPIC    -o CMakeFiles/cmTC_1c839.dir/CheckSymbolExists.c.o   -c /homeshare/afmejia/HPC/Cuda/CMakeFiles/CMakeTmp/CheckSymbolExists.c
Linking C executable cmTC_1c839
/usr/bin/cmake -E cmake_link_script CMakeFiles/cmTC_1c839.dir/link.txt --verbose=1
/usr/bin/cc  -fPIC     CMakeFiles/cmTC_1c839.dir/CheckSymbolExists.c.o  -o cmTC_1c839 -rdynamic 
CMakeFiles/cmTC_1c839.dir/CheckSymbolExists.c.o: In function `main':
CheckSymbolExists.c:(.text+0x1b): undefined reference to `pthread_create'
collect2: error: ld returned 1 exit status
CMakeFiles/cmTC_1c839.dir/build.make:97: recipe for target 'cmTC_1c839' failed
make[1]: *** [cmTC_1c839] Error 1
make[1]: Leaving directory '/homeshare/afmejia/HPC/Cuda/CMakeFiles/CMakeTmp'
Makefile:126: recipe for target 'cmTC_1c839/fast' failed
make: *** [cmTC_1c839/fast] Error 2

File /homeshare/afmejia/HPC/Cuda/CMakeFiles/CMakeTmp/CheckSymbolExists.c:
/* */
#include <pthread.h>

int main(int argc, char** argv)
{
  (void)argv;
#ifndef pthread_create
  return ((int*)(&pthread_create))[argc];
#else
  (void)argc;
  return 0;
#endif
}

Determining if the function pthread_create exists in the pthreads failed with the following output:
Change Dir: /homeshare/afmejia/HPC/Cuda/CMakeFiles/CMakeTmp

Run Build Command:"/usr/bin/make" "cmTC_d7ceb/fast"
/usr/bin/make -f CMakeFiles/cmTC_d7ceb.dir/build.make CMakeFiles/cmTC_d7ceb.dir/build
make[1]: Entering directory '/homeshare/afmejia/HPC/Cuda/CMakeFiles/CMakeTmp'
Building C object CMakeFiles/cmTC_d7ceb.dir/CheckFunctionExists.c.o
/usr/bin/cc    -fPIC -DCHECK_FUNCTION_EXISTS=pthread_create   -o CMakeFiles/cmTC_d7ceb.dir/CheckFunctionExists.c.o   -c /usr/share/cmake-3.5/Modules/CheckFunctionExists.c
Linking C executable cmTC_d7ceb
/usr/bin/cmake -E cmake_link_script CMakeFiles/cmTC_d7ceb.dir/link.txt --verbose=1
/usr/bin/cc  -fPIC -DCHECK_FUNCTION_EXISTS=pthread_create    CMakeFiles/cmTC_d7ceb.dir/CheckFunctionExists.c.o  -o cmTC_d7ceb -rdynamic -lpthreads 
/usr/bin/ld: cannot find -lpthreads
collect2: error: ld returned 1 exit status
CMakeFiles/cmTC_d7ceb.dir/build.make:97: recipe for target 'cmTC_d7ceb' failed
make[1]: *** [cmTC_d7ceb] Error 1
make[1]: Leaving directory '/homeshare/afmejia/HPC/Cuda/CMakeFiles/CMakeTmp'
Makefile:126: recipe for target 'cmTC_d7ceb/fast' failed
make: *** [cmTC_d7ceb/fast] Error 2


